<?xml version="1.0" encoding="UTF-8"?>
<testsuite xmlns:xsi="http://www.w3.org/2001/XMLSchema-instance" xsi:noNamespaceSchemaLocation="https://maven.apache.org/surefire/maven-surefire-plugin/xsd/surefire-test-report.xsd" name="cn.iocoder.common.framework.util.DateUtilTest" time="0.056" tests="6" errors="0" skipped="0" failures="4">
  <properties>
    <property name="gopherProxySet" value="false"/>
    <property name="awt.toolkit" value="sun.lwawt.macosx.LWCToolkit"/>
    <property name="file.encoding.pkg" value="sun.io"/>
    <property name="java.specification.version" value="1.8"/>
    <property name="sun.cpu.isalist" value=""/>
    <property name="sun.jnu.encoding" value="UTF-8"/>
    <property name="java.class.path" value="/Users/liudeyu/IdeaProjects/onemall/common/common-framework/target/test-classes:/Users/liudeyu/IdeaProjects/onemall/common/common-framework/target/classes:/Users/liudeyu/.m2/repository/javax/servlet/servlet-api/2.5/servlet-api-2.5.jar:/Users/liudeyu/.m2/repository/org/springframework/spring-web/5.1.5.RELEASE/spring-web-5.1.5.RELEASE.jar:/Users/liudeyu/.m2/repository/org/springframework/spring-beans/5.1.5.RELEASE/spring-beans-5.1.5.RELEASE.jar:/Users/liudeyu/.m2/repository/org/springframework/spring-core/5.1.5.RELEASE/spring-core-5.1.5.RELEASE.jar:/Users/liudeyu/.m2/repository/org/springframework/spring-jcl/5.1.5.RELEASE/spring-jcl-5.1.5.RELEASE.jar:/Users/liudeyu/.m2/repository/org/springframework/spring-webmvc/5.1.5.RELEASE/spring-webmvc-5.1.5.RELEASE.jar:/Users/liudeyu/.m2/repository/org/springframework/spring-aop/5.1.5.RELEASE/spring-aop-5.1.5.RELEASE.jar:/Users/liudeyu/.m2/repository/org/springframework/spring-context/5.1.5.RELEASE/spring-context-5.1.5.RELEASE.jar:/Users/liudeyu/.m2/repository/org/springframework/spring-expression/5.1.5.RELEASE/spring-expression-5.1.5.RELEASE.jar:/Users/liudeyu/.m2/repository/io/swagger/swagger-annotations/1.5.21/swagger-annotations-1.5.21.jar:/Users/liudeyu/.m2/repository/org/mybatis/mybatis/3.5.1/mybatis-3.5.1.jar:/Users/liudeyu/.m2/repository/com/baomidou/mybatis-plus-annotation/3.1.1/mybatis-plus-annotation-3.1.1.jar:/Users/liudeyu/.m2/repository/com/baomidou/mybatis-plus-core/3.1.1/mybatis-plus-core-3.1.1.jar:/Users/liudeyu/.m2/repository/com/github/jsqlparser/jsqlparser/1.2/jsqlparser-1.2.jar:/Users/liudeyu/.m2/repository/org/apache/dubbo/dubbo/2.7.1/dubbo-2.7.1.jar:/Users/liudeyu/.m2/repository/org/javassist/javassist/3.20.0-GA/javassist-3.20.0-GA.jar:/Users/liudeyu/.m2/repository/io/netty/netty-all/4.1.33.Final/netty-all-4.1.33.Final.jar:/Users/liudeyu/.m2/repository/com/google/code/gson/gson/2.8.5/gson-2.8.5.jar:/Users/liudeyu/.m2/repository/org/yaml/snakeyaml/1.23/snakeyaml-1.23.jar:/Users/liudeyu/.m2/repository/org/apache/skywalking/apm-toolkit-trace/6.1.0/apm-toolkit-trace-6.1.0.jar:/Users/liudeyu/.m2/repository/org/slf4j/slf4j-api/1.7.25/slf4j-api-1.7.25.jar:/Users/liudeyu/.m2/repository/org/hibernate/validator/hibernate-validator/6.0.16.Final/hibernate-validator-6.0.16.Final.jar:/Users/liudeyu/.m2/repository/javax/validation/validation-api/2.0.1.Final/validation-api-2.0.1.Final.jar:/Users/liudeyu/.m2/repository/org/jboss/logging/jboss-logging/3.3.2.Final/jboss-logging-3.3.2.Final.jar:/Users/liudeyu/.m2/repository/com/fasterxml/classmate/1.4.0/classmate-1.4.0.jar:/Users/liudeyu/.m2/repository/com/alibaba/fastjson/1.2.56/fastjson-1.2.56.jar:/Users/liudeyu/.m2/repository/org/apache/commons/commons-lang3/3.8.1/commons-lang3-3.8.1.jar:/Users/liudeyu/.m2/repository/com/fasterxml/jackson/core/jackson-annotations/2.9.8/jackson-annotations-2.9.8.jar:/Users/liudeyu/.m2/repository/com/fasterxml/jackson/core/jackson-databind/2.9.8/jackson-databind-2.9.8.jar:/Users/liudeyu/.m2/repository/com/fasterxml/jackson/core/jackson-core/2.9.8/jackson-core-2.9.8.jar:/Users/liudeyu/.m2/repository/junit/junit/4.8.1/junit-4.8.1.jar:"/>
    <property name="java.vm.vendor" value="Oracle Corporation"/>
    <property name="sun.arch.data.model" value="64"/>
    <property name="java.vendor.url" value="http://java.oracle.com/"/>
    <property name="user.timezone" value=""/>
    <property name="java.vm.specification.version" value="1.8"/>
    <property name="os.name" value="Mac OS X"/>
    <property name="user.country" value="CN"/>
    <property name="sun.java.launcher" value="SUN_STANDARD"/>
    <property name="sun.boot.library.path" value="/Library/Java/JavaVirtualMachines/jdk1.8.0_131.jdk/Contents/Home/jre/lib"/>
    <property name="sun.java.command" value="/Users/liudeyu/IdeaProjects/onemall/common/common-framework/target/surefire/surefirebooter989488022667401164.jar /Users/liudeyu/IdeaProjects/onemall/common/common-framework/target/surefire 2019-12-10T18-45-42_373-jvmRun1 surefire3602290144070778244tmp surefire_05962553056913152597tmp"/>
    <property name="http.nonProxyHosts" value="local|*.local|169.254/16|*.169.254/16"/>
    <property name="surefire.test.class.path" value="/Users/liudeyu/IdeaProjects/onemall/common/common-framework/target/test-classes:/Users/liudeyu/IdeaProjects/onemall/common/common-framework/target/classes:/Users/liudeyu/.m2/repository/javax/servlet/servlet-api/2.5/servlet-api-2.5.jar:/Users/liudeyu/.m2/repository/org/springframework/spring-web/5.1.5.RELEASE/spring-web-5.1.5.RELEASE.jar:/Users/liudeyu/.m2/repository/org/springframework/spring-beans/5.1.5.RELEASE/spring-beans-5.1.5.RELEASE.jar:/Users/liudeyu/.m2/repository/org/springframework/spring-core/5.1.5.RELEASE/spring-core-5.1.5.RELEASE.jar:/Users/liudeyu/.m2/repository/org/springframework/spring-jcl/5.1.5.RELEASE/spring-jcl-5.1.5.RELEASE.jar:/Users/liudeyu/.m2/repository/org/springframework/spring-webmvc/5.1.5.RELEASE/spring-webmvc-5.1.5.RELEASE.jar:/Users/liudeyu/.m2/repository/org/springframework/spring-aop/5.1.5.RELEASE/spring-aop-5.1.5.RELEASE.jar:/Users/liudeyu/.m2/repository/org/springframework/spring-context/5.1.5.RELEASE/spring-context-5.1.5.RELEASE.jar:/Users/liudeyu/.m2/repository/org/springframework/spring-expression/5.1.5.RELEASE/spring-expression-5.1.5.RELEASE.jar:/Users/liudeyu/.m2/repository/io/swagger/swagger-annotations/1.5.21/swagger-annotations-1.5.21.jar:/Users/liudeyu/.m2/repository/org/mybatis/mybatis/3.5.1/mybatis-3.5.1.jar:/Users/liudeyu/.m2/repository/com/baomidou/mybatis-plus-annotation/3.1.1/mybatis-plus-annotation-3.1.1.jar:/Users/liudeyu/.m2/repository/com/baomidou/mybatis-plus-core/3.1.1/mybatis-plus-core-3.1.1.jar:/Users/liudeyu/.m2/repository/com/github/jsqlparser/jsqlparser/1.2/jsqlparser-1.2.jar:/Users/liudeyu/.m2/repository/org/apache/dubbo/dubbo/2.7.1/dubbo-2.7.1.jar:/Users/liudeyu/.m2/repository/org/javassist/javassist/3.20.0-GA/javassist-3.20.0-GA.jar:/Users/liudeyu/.m2/repository/io/netty/netty-all/4.1.33.Final/netty-all-4.1.33.Final.jar:/Users/liudeyu/.m2/repository/com/google/code/gson/gson/2.8.5/gson-2.8.5.jar:/Users/liudeyu/.m2/repository/org/yaml/snakeyaml/1.23/snakeyaml-1.23.jar:/Users/liudeyu/.m2/repository/org/apache/skywalking/apm-toolkit-trace/6.1.0/apm-toolkit-trace-6.1.0.jar:/Users/liudeyu/.m2/repository/org/slf4j/slf4j-api/1.7.25/slf4j-api-1.7.25.jar:/Users/liudeyu/.m2/repository/org/hibernate/validator/hibernate-validator/6.0.16.Final/hibernate-validator-6.0.16.Final.jar:/Users/liudeyu/.m2/repository/javax/validation/validation-api/2.0.1.Final/validation-api-2.0.1.Final.jar:/Users/liudeyu/.m2/repository/org/jboss/logging/jboss-logging/3.3.2.Final/jboss-logging-3.3.2.Final.jar:/Users/liudeyu/.m2/repository/com/fasterxml/classmate/1.4.0/classmate-1.4.0.jar:/Users/liudeyu/.m2/repository/com/alibaba/fastjson/1.2.56/fastjson-1.2.56.jar:/Users/liudeyu/.m2/repository/org/apache/commons/commons-lang3/3.8.1/commons-lang3-3.8.1.jar:/Users/liudeyu/.m2/repository/com/fasterxml/jackson/core/jackson-annotations/2.9.8/jackson-annotations-2.9.8.jar:/Users/liudeyu/.m2/repository/com/fasterxml/jackson/core/jackson-databind/2.9.8/jackson-databind-2.9.8.jar:/Users/liudeyu/.m2/repository/com/fasterxml/jackson/core/jackson-core/2.9.8/jackson-core-2.9.8.jar:/Users/liudeyu/.m2/repository/junit/junit/4.8.1/junit-4.8.1.jar:"/>
    <property name="sun.cpu.endian" value="little"/>
    <property name="user.home" value="/Users/liudeyu"/>
    <property name="user.language" value="zh"/>
    <property name="java.specification.vendor" value="Oracle Corporation"/>
    <property name="java.home" value="/Library/Java/JavaVirtualMachines/jdk1.8.0_131.jdk/Contents/Home/jre"/>
    <property name="basedir" value="/Users/liudeyu/IdeaProjects/onemall/common/common-framework"/>
    <property name="file.separator" value="/"/>
    <property name="line.separator" value="&#10;"/>
    <property name="java.vm.specification.vendor" value="Oracle Corporation"/>
    <property name="java.specification.name" value="Java Platform API Specification"/>
    <property name="java.awt.graphicsenv" value="sun.awt.CGraphicsEnvironment"/>
    <property name="surefire.real.class.path" value="/Users/liudeyu/IdeaProjects/onemall/common/common-framework/target/surefire/surefirebooter989488022667401164.jar"/>
    <property name="sun.boot.class.path" value="/Library/Java/JavaVirtualMachines/jdk1.8.0_131.jdk/Contents/Home/jre/lib/resources.jar:/Library/Java/JavaVirtualMachines/jdk1.8.0_131.jdk/Contents/Home/jre/lib/rt.jar:/Library/Java/JavaVirtualMachines/jdk1.8.0_131.jdk/Contents/Home/jre/lib/sunrsasign.jar:/Library/Java/JavaVirtualMachines/jdk1.8.0_131.jdk/Contents/Home/jre/lib/jsse.jar:/Library/Java/JavaVirtualMachines/jdk1.8.0_131.jdk/Contents/Home/jre/lib/jce.jar:/Library/Java/JavaVirtualMachines/jdk1.8.0_131.jdk/Contents/Home/jre/lib/charsets.jar:/Library/Java/JavaVirtualMachines/jdk1.8.0_131.jdk/Contents/Home/jre/lib/jfr.jar:/Library/Java/JavaVirtualMachines/jdk1.8.0_131.jdk/Contents/Home/jre/classes"/>
    <property name="sun.management.compiler" value="HotSpot 64-Bit Tiered Compilers"/>
    <property name="ftp.nonProxyHosts" value="local|*.local|169.254/16|*.169.254/16"/>
    <property name="java.runtime.version" value="1.8.0_131-b11"/>
    <property name="user.name" value="liudeyu"/>
    <property name="path.separator" value=":"/>
    <property name="os.version" value="10.13.6"/>
    <property name="java.endorsed.dirs" value="/Library/Java/JavaVirtualMachines/jdk1.8.0_131.jdk/Contents/Home/jre/lib/endorsed"/>
    <property name="java.runtime.name" value="Java(TM) SE Runtime Environment"/>
    <property name="file.encoding" value="UTF-8"/>
    <property name="java.vm.name" value="Java HotSpot(TM) 64-Bit Server VM"/>
    <property name="localRepository" value="/Users/liudeyu/.m2/repository"/>
    <property name="java.vendor.url.bug" value="http://bugreport.sun.com/bugreport/"/>
    <property name="java.io.tmpdir" value="/var/folders/yl/twd1nty94pv7vdhkjdyjgzn80000gn/T/"/>
    <property name="java.version" value="1.8.0_131"/>
    <property name="user.dir" value="/Users/liudeyu/IdeaProjects/onemall/common/common-framework"/>
    <property name="os.arch" value="x86_64"/>
    <property name="java.vm.specification.name" value="Java Virtual Machine Specification"/>
    <property name="java.awt.printerjob" value="sun.lwawt.macosx.CPrinterJob"/>
    <property name="user.language.format" value="en"/>
    <property name="sun.os.patch.level" value="unknown"/>
    <property name="java.library.path" value="/Users/liudeyu/Library/Java/Extensions:/Library/Java/Extensions:/Network/Library/Java/Extensions:/System/Library/Java/Extensions:/usr/lib/java:."/>
    <property name="java.vm.info" value="mixed mode"/>
    <property name="java.vendor" value="Oracle Corporation"/>
    <property name="java.vm.version" value="25.131-b11"/>
    <property name="java.ext.dirs" value="/Users/liudeyu/Library/Java/Extensions:/Library/Java/JavaVirtualMachines/jdk1.8.0_131.jdk/Contents/Home/jre/lib/ext:/Library/Java/Extensions:/Network/Library/Java/Extensions:/System/Library/Java/Extensions:/usr/lib/java"/>
    <property name="sun.io.unicode.encoding" value="UnicodeBig"/>
    <property name="java.class.version" value="52.0"/>
    <property name="socksNonProxyHosts" value="local|*.local|169.254/16|*.169.254/16"/>
  </properties>
  <testcase name="testAddDate" classname="cn.iocoder.common.framework.util.DateUtilTest" time="0.02">
    <failure message="expected:&lt;Sun May 10 19:00:00 CST 2026&gt; but was:&lt;Sun May 10 20:00:00 CST 2026&gt;" type="java.lang.AssertionError"><![CDATA[java.lang.AssertionError: expected:<Sun May 10 19:00:00 CST 2026> but was:<Sun May 10 20:00:00 CST 2026>
	at cn.iocoder.common.framework.util.DateUtilTest.testAddDate(DateUtilTest.java:13)
]]></failure>
  </testcase>
  <testcase name="testFormat" classname="cn.iocoder.common.framework.util.DateUtilTest" time="0.003">
    <failure message="expected:&lt;2018-01-10:[12]:00:00&gt; but was:&lt;2018-01-10:[20]:00:00&gt;" type="org.junit.ComparisonFailure"><![CDATA[org.junit.ComparisonFailure: expected:<2018-01-10:[12]:00:00> but was:<2018-01-10:[20]:00:00>
	at cn.iocoder.common.framework.util.DateUtilTest.testFormat(DateUtilTest.java:20)
]]></failure>
  </testcase>
  <testcase name="testGetDayBegin" classname="cn.iocoder.common.framework.util.DateUtilTest" time="0.001">
    <failure message="expected:&lt;Wed Jan 10 08:00:00 CST 2018&gt; but was:&lt;Wed Jan 10 00:00:00 CST 2018&gt;" type="java.lang.AssertionError"><![CDATA[java.lang.AssertionError: expected:<Wed Jan 10 08:00:00 CST 2018> but was:<Wed Jan 10 00:00:00 CST 2018>
	at cn.iocoder.common.framework.util.DateUtilTest.testGetDayBegin(DateUtilTest.java:27)
]]></failure>
  </testcase>
  <testcase name="testGetDayEnd" classname="cn.iocoder.common.framework.util.DateUtilTest" time="0">
    <failure message="expected:&lt;Thu Jan 11 07:59:59 CST 2018&gt; but was:&lt;Wed Jan 10 23:59:59 CST 2018&gt;" type="java.lang.AssertionError"><![CDATA[java.lang.AssertionError: expected:<Thu Jan 11 07:59:59 CST 2018> but was:<Wed Jan 10 23:59:59 CST 2018>
	at cn.iocoder.common.framework.util.DateUtilTest.testGetDayEnd(DateUtilTest.java:34)
]]></failure>
  </testcase>
  <testcase name="testIsBetween" classname="cn.iocoder.common.framework.util.DateUtilTest" time="0.003"/>
  <testcase name="testSetCalender" classname="cn.iocoder.common.framework.util.DateUtilTest" time="0"/>
</testsuite>